2014/07/30 20:46:50 [error] [exception.CHttpException.404] exception 'CHttpException' with message 'The requested page does not exist.' in C:\wamp\www\InciTrack\protected\modules\report\controllers\ReportController.php:424
Stack trace:
#0 C:\wamp\www\InciTrack\protected\modules\report\controllers\ReportController.php(315): ReportController->loadModel('')
#1 C:\wamp\www\InciTrack\protected\modules\report\controllers\ReportController.php(196): ReportController->actionSaveExit('')
#2 [internal function]: ReportController->actionWizard('', '3', '1')
#3 C:\wamp\www\framework\web\actions\CAction.php(104): ReflectionMethod->invokeArgs(Object(ReportController), Array)
#4 C:\wamp\www\framework\web\actions\CInlineAction.php(48): CAction->runWithParamsInternal(Object(ReportController), Object(ReflectionMethod), Array)
#5 C:\wamp\www\framework\web\CController.php(300): CInlineAction->runWithParams(Array)
#6 C:\wamp\www\framework\web\filters\CFilterChain.php(134): CController->runAction(Object(CInlineAction))
#7 C:\wamp\www\framework\web\filters\CFilter.php(41): CFilterChain->run()
#8 C:\wamp\www\framework\web\CController.php(1144): CFilter->filter(Object(CFilterChain))
#9 C:\wamp\www\framework\web\filters\CInlineFilter.php(59): CController->filterAccessControl(Object(CFilterChain))
#10 C:\wamp\www\framework\web\filters\CFilterChain.php(131): CInlineFilter->filter(Object(CFilterChain))
#11 C:\wamp\www\framework\web\CController.php(283): CFilterChain->run()
#12 C:\wamp\www\framework\web\CController.php(257): CController->runActionWithFilters(Object(CInlineAction), Array)
#13 C:\wamp\www\framework\web\CWebApplication.php(277): CController->run('wizard')
#14 C:\wamp\www\framework\web\CWebApplication.php(136): CWebApplication->runController('report/report/w...')
#15 C:\wamp\www\framework\base\CApplication.php(158): CWebApplication->processRequest()
#16 C:\wamp\www\InciTrack\index.php(13): CApplication->run()
#17 {main} REQUEST_URI=/index.php?r=report/report/wizard&id=&nextPageId=3&currentId=1
2014/07/31 18:20:42 [error] [exception.CHttpException.404] exception 'CHttpException' with message 'The requested page does not exist.' in C:\wamp\www\InciTrack\protected\modules\report\controllers\ReportController.php:424
Stack trace:
#0 C:\wamp\www\InciTrack\protected\modules\report\controllers\ReportController.php(315): ReportController->loadModel('')
#1 C:\wamp\www\InciTrack\protected\modules\report\controllers\ReportController.php(196): ReportController->actionSaveExit('')
#2 [internal function]: ReportController->actionWizard('', '1', '1')
#3 C:\wamp\www\framework\web\actions\CAction.php(104): ReflectionMethod->invokeArgs(Object(ReportController), Array)
#4 C:\wamp\www\framework\web\actions\CInlineAction.php(48): CAction->runWithParamsInternal(Object(ReportController), Object(ReflectionMethod), Array)
#5 C:\wamp\www\framework\web\CController.php(300): CInlineAction->runWithParams(Array)
#6 C:\wamp\www\framework\web\filters\CFilterChain.php(134): CController->runAction(Object(CInlineAction))
#7 C:\wamp\www\framework\web\filters\CFilter.php(41): CFilterChain->run()
#8 C:\wamp\www\framework\web\CController.php(1144): CFilter->filter(Object(CFilterChain))
#9 C:\wamp\www\framework\web\filters\CInlineFilter.php(59): CController->filterAccessControl(Object(CFilterChain))
#10 C:\wamp\www\framework\web\filters\CFilterChain.php(131): CInlineFilter->filter(Object(CFilterChain))
#11 C:\wamp\www\framework\web\CController.php(283): CFilterChain->run()
#12 C:\wamp\www\framework\web\CController.php(257): CController->runActionWithFilters(Object(CInlineAction), Array)
#13 C:\wamp\www\framework\web\CWebApplication.php(277): CController->run('wizard')
#14 C:\wamp\www\framework\web\CWebApplication.php(136): CWebApplication->runController('report/report/w...')
#15 C:\wamp\www\framework\base\CApplication.php(158): CWebApplication->processRequest()
#16 C:\wamp\www\InciTrack\index.php(13): CApplication->run()
#17 {main} REQUEST_URI=/index.php?r=report/report/wizard&id=&nextPageId=1&currentId=1
2014/07/31 18:26:14 [error] [php] include(ContactForm.php): failed to open stream: No such file or directory (C:\wamp\www\framework\YiiBase.php:421)
Stack trace:
#0 C:\wamp\www\InciTrack\protected\controllers\SiteController.php(290): spl_autoload_call()
#1 C:\wamp\www\framework\web\actions\CInlineAction.php(50): SiteController->actionContact()
#2 C:\wamp\www\framework\web\CController.php(300): CInlineAction->runWithParams()
#3 C:\wamp\www\framework\web\CController.php(278): SiteController->runAction()
#4 C:\wamp\www\framework\web\CController.php(257): SiteController->runActionWithFilters()
#5 C:\wamp\www\framework\web\CWebApplication.php(277): SiteController->run()
#6 C:\wamp\www\framework\web\CWebApplication.php(136): CWebApplication->runController()
#7 C:\wamp\www\framework\base\CApplication.php(158): CWebApplication->processRequest()
#8 C:\wamp\www\InciTrack\index.php(13): CWebApplication->run()
REQUEST_URI=/index.php?r=site/Contact
in C:\wamp\www\InciTrack\protected\controllers\SiteController.php (290)
in C:\wamp\www\InciTrack\index.php (13)
2014/07/31 18:31:12 [error] [php] preg_match(): Delimiter must not be alphanumeric or backslash (C:\wamp\www\framework\validators\CRegularExpressionValidator.php:51)
Stack trace:
#0 C:\wamp\www\framework\base\CModel.php(152): CRegularExpressionValidator->validate()
#1 C:\wamp\www\InciTrack\protected\modules\report\controllers\ReportController.php(533): Report->validate()
#2 C:\wamp\www\InciTrack\protected\modules\report\controllers\ReportController.php(206): ReportController->checkvalidation()
#3 unknown(0): ReportController->actionWizard()
#4 C:\wamp\www\framework\web\actions\CAction.php(104): ReflectionMethod->invokeArgs()
#5 C:\wamp\www\framework\web\actions\CInlineAction.php(48): CInlineAction->runWithParamsInternal()
#6 C:\wamp\www\framework\web\CController.php(300): CInlineAction->runWithParams()
#7 C:\wamp\www\framework\web\filters\CFilterChain.php(134): ReportController->runAction()
#8 C:\wamp\www\framework\web\filters\CFilter.php(41): CFilterChain->run()
#9 C:\wamp\www\framework\web\CController.php(1144): CAccessControlFilter->filter()
#10 C:\wamp\www\framework\web\filters\CInlineFilter.php(59): ReportController->filterAccessControl()
#11 C:\wamp\www\framework\web\filters\CFilterChain.php(131): CInlineFilter->filter()
#12 C:\wamp\www\framework\web\CController.php(283): CFilterChain->run()
#13 C:\wamp\www\framework\web\CController.php(257): ReportController->runActionWithFilters()
#14 C:\wamp\www\framework\web\CWebApplication.php(277): ReportController->run()
#15 C:\wamp\www\framework\web\CWebApplication.php(136): CWebApplication->runController()
#16 C:\wamp\www\framework\base\CApplication.php(158): CWebApplication->processRequest()
#17 C:\wamp\www\InciTrack\index.php(13): CWebApplication->run()
REQUEST_URI=/index.php?r=report/report/wizard&id=6&nextPageId=6&currentId=5
in C:\wamp\www\InciTrack\protected\modules\report\controllers\ReportController.php (533)
in C:\wamp\www\InciTrack\protected\modules\report\controllers\ReportController.php (206)
in C:\wamp\www\InciTrack\index.php (13)
2014/08/01 01:06:46 [error] [php] include(ContactForm.php): failed to open stream: No such file or directory (C:\wamp\www\framework\YiiBase.php:421)
Stack trace:
#0 C:\wamp\www\InciTrack\protected\controllers\SiteController.php(290): spl_autoload_call()
#1 C:\wamp\www\framework\web\actions\CInlineAction.php(50): SiteController->actionContact()
#2 C:\wamp\www\framework\web\CController.php(300): CInlineAction->runWithParams()
#3 C:\wamp\www\framework\web\CController.php(278): SiteController->runAction()
#4 C:\wamp\www\framework\web\CController.php(257): SiteController->runActionWithFilters()
#5 C:\wamp\www\framework\web\CWebApplication.php(277): SiteController->run()
#6 C:\wamp\www\framework\web\CWebApplication.php(136): CWebApplication->runController()
#7 C:\wamp\www\framework\base\CApplication.php(158): CWebApplication->processRequest()
#8 C:\wamp\www\InciTrack\index.php(13): CWebApplication->run()
REQUEST_URI=/index.php?r=site/Contact
in C:\wamp\www\InciTrack\protected\controllers\SiteController.php (290)
in C:\wamp\www\InciTrack\index.php (13)
2014/08/01 07:35:15 [error] [php] include(ContactForm.php): failed to open stream: No such file or directory (C:\wamp\www\framework\YiiBase.php:421)
Stack trace:
#0 C:\wamp\www\InciTrack\protected\controllers\SiteController.php(290): spl_autoload_call()
#1 C:\wamp\www\framework\web\actions\CInlineAction.php(50): SiteController->actionContact()
#2 C:\wamp\www\framework\web\CController.php(300): CInlineAction->runWithParams()
#3 C:\wamp\www\framework\web\CController.php(278): SiteController->runAction()
#4 C:\wamp\www\framework\web\CController.php(257): SiteController->runActionWithFilters()
#5 C:\wamp\www\framework\web\CWebApplication.php(277): SiteController->run()
#6 C:\wamp\www\framework\web\CWebApplication.php(136): CWebApplication->runController()
#7 C:\wamp\www\framework\base\CApplication.php(158): CWebApplication->processRequest()
#8 C:\wamp\www\InciTrack\index.php(13): CWebApplication->run()
REQUEST_URI=/index.php?r=site/Contact
in C:\wamp\www\InciTrack\protected\controllers\SiteController.php (290)
in C:\wamp\www\InciTrack\index.php (13)
2014/08/05 02:19:04 [error] [exception.CException] exception 'CException' with message 'Property "Report.company" is not defined.' in C:\wamp\www\framework\base\CComponent.php:174
Stack trace:
#0 C:\wamp\www\framework\db\ar\CActiveRecord.php(145): CComponent->__set('company', 'DMK Design')
#1 C:\wamp\www\InciTrack\protected\modules\report\controllers\ReportController.php(133): CActiveRecord->__set('company', 'DMK Design')
#2 C:\wamp\www\framework\web\actions\CInlineAction.php(50): ReportController->actionCreate()
#3 C:\wamp\www\framework\web\CController.php(300): CInlineAction->runWithParams(Array)
#4 C:\wamp\www\framework\web\filters\CFilterChain.php(134): CController->runAction(Object(CInlineAction))
#5 C:\wamp\www\framework\web\filters\CFilter.php(41): CFilterChain->run()
#6 C:\wamp\www\framework\web\CController.php(1144): CFilter->filter(Object(CFilterChain))
#7 C:\wamp\www\framework\web\filters\CInlineFilter.php(59): CController->filterAccessControl(Object(CFilterChain))
#8 C:\wamp\www\framework\web\filters\CFilterChain.php(131): CInlineFilter->filter(Object(CFilterChain))
#9 C:\wamp\www\framework\web\CController.php(283): CFilterChain->run()
#10 C:\wamp\www\framework\web\CController.php(257): CController->runActionWithFilters(Object(CInlineAction), Array)
#11 C:\wamp\www\framework\web\CWebApplication.php(277): CController->run('create')
#12 C:\wamp\www\framework\web\CWebApplication.php(136): CWebApplication->runController('report/report/c...')
#13 C:\wamp\www\framework\base\CApplication.php(158): CWebApplication->processRequest()
#14 C:\wamp\www\InciTrack\index.php(13): CApplication->run()
#15 {main} REQUEST_URI=/index.php?r=report/report/create
2014/08/05 02:23:02 [error] [exception.CException] exception 'CException' with message 'Property "Report.company" is not defined.' in C:\wamp\www\framework\base\CComponent.php:174
Stack trace:
#0 C:\wamp\www\framework\db\ar\CActiveRecord.php(145): CComponent->__set('company', 'DMK Design')
#1 C:\wamp\www\InciTrack\protected\modules\report\controllers\ReportController.php(133): CActiveRecord->__set('company', 'DMK Design')
#2 C:\wamp\www\framework\web\actions\CInlineAction.php(50): ReportController->actionCreate()
#3 C:\wamp\www\framework\web\CController.php(300): CInlineAction->runWithParams(Array)
#4 C:\wamp\www\framework\web\filters\CFilterChain.php(134): CController->runAction(Object(CInlineAction))
#5 C:\wamp\www\framework\web\filters\CFilter.php(41): CFilterChain->run()
#6 C:\wamp\www\framework\web\CController.php(1144): CFilter->filter(Object(CFilterChain))
#7 C:\wamp\www\framework\web\filters\CInlineFilter.php(59): CController->filterAccessControl(Object(CFilterChain))
#8 C:\wamp\www\framework\web\filters\CFilterChain.php(131): CInlineFilter->filter(Object(CFilterChain))
#9 C:\wamp\www\framework\web\CController.php(283): CFilterChain->run()
#10 C:\wamp\www\framework\web\CController.php(257): CController->runActionWithFilters(Object(CInlineAction), Array)
#11 C:\wamp\www\framework\web\CWebApplication.php(277): CController->run('create')
#12 C:\wamp\www\framework\web\CWebApplication.php(136): CWebApplication->runController('report/report/c...')
#13 C:\wamp\www\framework\base\CApplication.php(158): CWebApplication->processRequest()
#14 C:\wamp\www\InciTrack\index.php(13): CApplication->run()
#15 {main} REQUEST_URI=/index.php?r=report/report/create
2014/08/05 02:39:09 [error] [php] include(ContactForm.php): failed to open stream: No such file or directory (C:\wamp\www\framework\YiiBase.php:421)
Stack trace:
#0 C:\wamp\www\InciTrack\protected\controllers\SiteController.php(177): spl_autoload_call()
#1 C:\wamp\www\framework\web\actions\CInlineAction.php(50): SiteController->actionContact()
#2 C:\wamp\www\framework\web\CController.php(300): CInlineAction->runWithParams()
#3 C:\wamp\www\framework\web\CController.php(278): SiteController->runAction()
#4 C:\wamp\www\framework\web\CController.php(257): SiteController->runActionWithFilters()
#5 C:\wamp\www\framework\web\CWebApplication.php(277): SiteController->run()
#6 C:\wamp\www\framework\web\CWebApplication.php(136): CWebApplication->runController()
#7 C:\wamp\www\framework\base\CApplication.php(158): CWebApplication->processRequest()
#8 C:\wamp\www\InciTrack\index.php(13): CWebApplication->run()
REQUEST_URI=/index.php?r=site/Contact
in C:\wamp\www\InciTrack\protected\controllers\SiteController.php (177)
in C:\wamp\www\InciTrack\index.php (13)
2014/08/05 02:39:12 [error] [exception.CHttpException.404] exception 'CHttpException' with message 'The system is unable to find the requested action "FAQ".' in C:\wamp\www\framework\web\CController.php:477
Stack trace:
#0 C:\wamp\www\framework\web\CController.php(262): CController->missingAction('FAQ')
#1 C:\wamp\www\framework\web\CWebApplication.php(277): CController->run('FAQ')
#2 C:\wamp\www\framework\web\CWebApplication.php(136): CWebApplication->runController('site/FAQ')
#3 C:\wamp\www\framework\base\CApplication.php(158): CWebApplication->processRequest()
#4 C:\wamp\www\InciTrack\index.php(13): CApplication->run()
#5 {main} REQUEST_URI=/index.php?r=site/FAQ
2014/08/05 02:39:14 [error] [exception.CHttpException.404] exception 'CHttpException' with message 'Unable to resolve the request "user/category/view".' in C:\wamp\www\framework\web\CWebApplication.php:281
Stack trace:
#0 C:\wamp\www\framework\web\CWebApplication.php(136): CWebApplication->runController('user/category/v...')
#1 C:\wamp\www\framework\base\CApplication.php(158): CWebApplication->processRequest()
#2 C:\wamp\www\InciTrack\index.php(13): CApplication->run()
#3 {main} REQUEST_URI=/index.php?r=user/category/view&id=7
2014/08/05 02:44:15 [error] [php] Undefined variable: items (C:\wamp\www\InciTrack\protected\modules\report\views\question\_hazardType.php:42)
Stack trace:
#0 C:\wamp\www\framework\web\CController.php(866): ReportController->renderFile()
#1 C:\wamp\www\InciTrack\protected\modules\report\views\report\_form.php(54): ReportController->renderPartial()
#2 C:\wamp\www\framework\web\CBaseController.php(119): require()
#3 C:\wamp\www\framework\web\CBaseController.php(88): ReportController->renderInternal()
#4 C:\wamp\www\framework\web\CController.php(866): ReportController->renderFile()
#5 C:\wamp\www\InciTrack\protected\modules\report\views\report\wizard.php(12): ReportController->renderPartial()
#6 C:\wamp\www\framework\web\CBaseController.php(119): require()
#7 C:\wamp\www\framework\web\CBaseController.php(88): ReportController->renderInternal()
#8 C:\wamp\www\framework\web\CController.php(866): ReportController->renderFile()
#9 C:\wamp\www\framework\web\CController.php(779): ReportController->renderPartial()
#10 C:\wamp\www\InciTrack\protected\modules\report\controllers\ReportController.php(304): ReportController->render()
#11 unknown(0): ReportController->actionWizard()
#12 C:\wamp\www\framework\web\actions\CAction.php(104): ReflectionMethod->invokeArgs()
#13 C:\wamp\www\framework\web\actions\CInlineAction.php(48): CInlineAction->runWithParamsInternal()
#14 C:\wamp\www\framework\web\CController.php(300): CInlineAction->runWithParams()
#15 C:\wamp\www\framework\web\filters\CFilterChain.php(134): ReportController->runAction()
#16 C:\wamp\www\framework\web\filters\CFilter.php(41): CFilterChain->run()
#17 C:\wamp\www\framework\web\CController.php(1144): CAccessControlFilter->filter()
#18 C:\wamp\www\framework\web\filters\CInlineFilter.php(59): ReportController->filterAccessControl()
#19 C:\wamp\www\framework\web\filters\CFilterChain.php(131): CInlineFilter->filter()
#20 C:\wamp\www\framework\web\CController.php(283): CFilterChain->run()
#21 C:\wamp\www\framework\web\CController.php(257): ReportController->runActionWithFilters()
#22 C:\wamp\www\framework\web\CWebApplication.php(277): ReportController->run()
#23 C:\wamp\www\framework\web\CWebApplication.php(136): CWebApplication->runController()
#24 C:\wamp\www\framework\base\CApplication.php(158): CWebApplication->processRequest()
#25 C:\wamp\www\InciTrack\index.php(13): CWebApplication->run()
REQUEST_URI=/index.php?r=report/report/wizard&id=7&nextPageId=5&currentId=4
in C:\wamp\www\InciTrack\protected\modules\report\views\question\_hazardType.php (42)
in C:\wamp\www\InciTrack\protected\modules\report\views\report\_form.php (54)
in C:\wamp\www\InciTrack\protected\modules\report\views\report\wizard.php (12)
2014/08/05 03:29:17 [error] [php] Undefined variable: mSeries (C:\wamp\www\InciTrack\protected\controllers\ChartController.php:936)
Stack trace:
#0 C:\wamp\www\framework\web\actions\CInlineAction.php(48): CInlineAction->runWithParamsInternal()
#1 C:\wamp\www\framework\web\CController.php(300): CInlineAction->runWithParams()
#2 C:\wamp\www\framework\web\filters\CFilterChain.php(134): ChartController->runAction()
#3 C:\wamp\www\framework\web\filters\CFilter.php(41): CFilterChain->run()
#4 C:\wamp\www\framework\web\CController.php(1144): CAccessControlFilter->filter()
#5 C:\wamp\www\framework\web\filters\CInlineFilter.php(59): ChartController->filterAccessControl()
#6 C:\wamp\www\framework\web\filters\CFilterChain.php(131): CInlineFilter->filter()
#7 C:\wamp\www\framework\web\CController.php(283): CFilterChain->run()
#8 C:\wamp\www\framework\web\CController.php(257): ChartController->runActionWithFilters()
#9 C:\wamp\www\framework\web\CWebApplication.php(277): ChartController->run()
#10 C:\wamp\www\framework\web\CWebApplication.php(136): CWebApplication->runController()
#11 C:\wamp\www\framework\base\CApplication.php(158): CWebApplication->processRequest()
#12 C:\wamp\www\InciTrack\index.php(13): CWebApplication->run()
REQUEST_URI=/index.php?r=Chart/View&id=12&json=1
in C:\wamp\www\InciTrack\protected\controllers\ChartController.php (936)
in C:\wamp\www\InciTrack\index.php (13)
2014/08/05 03:29:18 [error] [php] Undefined variable: mSeries (C:\wamp\www\InciTrack\protected\controllers\ChartController.php:936)
Stack trace:
#0 C:\wamp\www\framework\web\actions\CInlineAction.php(48): CInlineAction->runWithParamsInternal()
#1 C:\wamp\www\framework\web\CController.php(300): CInlineAction->runWithParams()
#2 C:\wamp\www\framework\web\filters\CFilterChain.php(134): ChartController->runAction()
#3 C:\wamp\www\framework\web\filters\CFilter.php(41): CFilterChain->run()
#4 C:\wamp\www\framework\web\CController.php(1144): CAccessControlFilter->filter()
#5 C:\wamp\www\framework\web\filters\CInlineFilter.php(59): ChartController->filterAccessControl()
#6 C:\wamp\www\framework\web\filters\CFilterChain.php(131): CInlineFilter->filter()
#7 C:\wamp\www\framework\web\CController.php(283): CFilterChain->run()
#8 C:\wamp\www\framework\web\CController.php(257): ChartController->runActionWithFilters()
#9 C:\wamp\www\framework\web\CWebApplication.php(277): ChartController->run()
#10 C:\wamp\www\framework\web\CWebApplication.php(136): CWebApplication->runController()
#11 C:\wamp\www\framework\base\CApplication.php(158): CWebApplication->processRequest()
#12 C:\wamp\www\InciTrack\index.php(13): CWebApplication->run()
REQUEST_URI=/index.php?r=Chart/View&id=13&json=1
in C:\wamp\www\InciTrack\protected\controllers\ChartController.php (936)
in C:\wamp\www\InciTrack\index.php (13)
2014/08/05 03:29:20 [error] [php] Undefined variable: mSeries (C:\wamp\www\InciTrack\protected\controllers\ChartController.php:936)
Stack trace:
#0 C:\wamp\www\framework\web\actions\CInlineAction.php(48): CInlineAction->runWithParamsInternal()
#1 C:\wamp\www\framework\web\CController.php(300): CInlineAction->runWithParams()
#2 C:\wamp\www\framework\web\filters\CFilterChain.php(134): ChartController->runAction()
#3 C:\wamp\www\framework\web\filters\CFilter.php(41): CFilterChain->run()
#4 C:\wamp\www\framework\web\CController.php(1144): CAccessControlFilter->filter()
#5 C:\wamp\www\framework\web\filters\CInlineFilter.php(59): ChartController->filterAccessControl()
#6 C:\wamp\www\framework\web\filters\CFilterChain.php(131): CInlineFilter->filter()
#7 C:\wamp\www\framework\web\CController.php(283): CFilterChain->run()
#8 C:\wamp\www\framework\web\CController.php(257): ChartController->runActionWithFilters()
#9 C:\wamp\www\framework\web\CWebApplication.php(277): ChartController->run()
#10 C:\wamp\www\framework\web\CWebApplication.php(136): CWebApplication->runController()
#11 C:\wamp\www\framework\base\CApplication.php(158): CWebApplication->processRequest()
#12 C:\wamp\www\InciTrack\index.php(13): CWebApplication->run()
REQUEST_URI=/index.php?r=Chart/View&id=12&json=1
in C:\wamp\www\InciTrack\protected\controllers\ChartController.php (936)
in C:\wamp\www\InciTrack\index.php (13)
2014/08/05 03:29:22 [error] [php] Undefined variable: mSeries (C:\wamp\www\InciTrack\protected\controllers\ChartController.php:936)
Stack trace:
#0 C:\wamp\www\framework\web\actions\CInlineAction.php(48): CInlineAction->runWithParamsInternal()
#1 C:\wamp\www\framework\web\CController.php(300): CInlineAction->runWithParams()
#2 C:\wamp\www\framework\web\filters\CFilterChain.php(134): ChartController->runAction()
#3 C:\wamp\www\framework\web\filters\CFilter.php(41): CFilterChain->run()
#4 C:\wamp\www\framework\web\CController.php(1144): CAccessControlFilter->filter()
#5 C:\wamp\www\framework\web\filters\CInlineFilter.php(59): ChartController->filterAccessControl()
#6 C:\wamp\www\framework\web\filters\CFilterChain.php(131): CInlineFilter->filter()
#7 C:\wamp\www\framework\web\CController.php(283): CFilterChain->run()
#8 C:\wamp\www\framework\web\CController.php(257): ChartController->runActionWithFilters()
#9 C:\wamp\www\framework\web\CWebApplication.php(277): ChartController->run()
#10 C:\wamp\www\framework\web\CWebApplication.php(136): CWebApplication->runController()
#11 C:\wamp\www\framework\base\CApplication.php(158): CWebApplication->processRequest()
#12 C:\wamp\www\InciTrack\index.php(13): CWebApplication->run()
REQUEST_URI=/index.php?r=Chart/View&id=13&json=1
in C:\wamp\www\InciTrack\protected\controllers\ChartController.php (936)
in C:\wamp\www\InciTrack\index.php (13)
2014/08/05 03:29:28 [error] [php] Undefined variable: mSeries (C:\wamp\www\InciTrack\protected\controllers\ChartController.php:936)
Stack trace:
#0 C:\wamp\www\framework\web\actions\CInlineAction.php(48): CInlineAction->runWithParamsInternal()
#1 C:\wamp\www\framework\web\CController.php(300): CInlineAction->runWithParams()
#2 C:\wamp\www\framework\web\filters\CFilterChain.php(134): ChartController->runAction()
#3 C:\wamp\www\framework\web\filters\CFilter.php(41): CFilterChain->run()
#4 C:\wamp\www\framework\web\CController.php(1144): CAccessControlFilter->filter()
#5 C:\wamp\www\framework\web\filters\CInlineFilter.php(59): ChartController->filterAccessControl()
#6 C:\wamp\www\framework\web\filters\CFilterChain.php(131): CInlineFilter->filter()
#7 C:\wamp\www\framework\web\CController.php(283): CFilterChain->run()
#8 C:\wamp\www\framework\web\CController.php(257): ChartController->runActionWithFilters()
#9 C:\wamp\www\framework\web\CWebApplication.php(277): ChartController->run()
#10 C:\wamp\www\framework\web\CWebApplication.php(136): CWebApplication->runController()
#11 C:\wamp\www\framework\base\CApplication.php(158): CWebApplication->processRequest()
#12 C:\wamp\www\InciTrack\index.php(13): CWebApplication->run()
REQUEST_URI=/index.php?r=Chart/View&id=18&json=1
in C:\wamp\www\InciTrack\protected\controllers\ChartController.php (936)
in C:\wamp\www\InciTrack\index.php (13)
2014/08/05 03:29:29 [error] [php] Undefined variable: mSeries (C:\wamp\www\InciTrack\protected\controllers\ChartController.php:936)
Stack trace:
#0 C:\wamp\www\framework\web\actions\CInlineAction.php(48): CInlineAction->runWithParamsInternal()
#1 C:\wamp\www\framework\web\CController.php(300): CInlineAction->runWithParams()
#2 C:\wamp\www\framework\web\filters\CFilterChain.php(134): ChartController->runAction()
#3 C:\wamp\www\framework\web\filters\CFilter.php(41): CFilterChain->run()
#4 C:\wamp\www\framework\web\CController.php(1144): CAccessControlFilter->filter()
#5 C:\wamp\www\framework\web\filters\CInlineFilter.php(59): ChartController->filterAccessControl()
#6 C:\wamp\www\framework\web\filters\CFilterChain.php(131): CInlineFilter->filter()
#7 C:\wamp\www\framework\web\CController.php(283): CFilterChain->run()
#8 C:\wamp\www\framework\web\CController.php(257): ChartController->runActionWithFilters()
#9 C:\wamp\www\framework\web\CWebApplication.php(277): ChartController->run()
#10 C:\wamp\www\framework\web\CWebApplication.php(136): CWebApplication->runController()
#11 C:\wamp\www\framework\base\CApplication.php(158): CWebApplication->processRequest()
#12 C:\wamp\www\InciTrack\index.php(13): CWebApplication->run()
REQUEST_URI=/index.php?r=Chart/View&id=19&json=1
in C:\wamp\www\InciTrack\protected\controllers\ChartController.php (936)
in C:\wamp\www\InciTrack\index.php (13)
2014/08/05 03:29:33 [error] [php] Undefined variable: mSeries (C:\wamp\www\InciTrack\protected\controllers\ChartController.php:936)
Stack trace:
#0 C:\wamp\www\framework\web\actions\CInlineAction.php(48): CInlineAction->runWithParamsInternal()
#1 C:\wamp\www\framework\web\CController.php(300): CInlineAction->runWithParams()
#2 C:\wamp\www\framework\web\filters\CFilterChain.php(134): ChartController->runAction()
#3 C:\wamp\www\framework\web\filters\CFilter.php(41): CFilterChain->run()
#4 C:\wamp\www\framework\web\CController.php(1144): CAccessControlFilter->filter()
#5 C:\wamp\www\framework\web\filters\CInlineFilter.php(59): ChartController->filterAccessControl()
#6 C:\wamp\www\framework\web\filters\CFilterChain.php(131): CInlineFilter->filter()
#7 C:\wamp\www\framework\web\CController.php(283): CFilterChain->run()
#8 C:\wamp\www\framework\web\CController.php(257): ChartController->runActionWithFilters()
#9 C:\wamp\www\framework\web\CWebApplication.php(277): ChartController->run()
#10 C:\wamp\www\framework\web\CWebApplication.php(136): CWebApplication->runController()
#11 C:\wamp\www\framework\base\CApplication.php(158): CWebApplication->processRequest()
#12 C:\wamp\www\InciTrack\index.php(13): CWebApplication->run()
REQUEST_URI=/index.php?r=Chart/View&id=21&json=1
in C:\wamp\www\InciTrack\protected\controllers\ChartController.php (936)
in C:\wamp\www\InciTrack\index.php (13)
2014/08/05 03:29:35 [error] [php] Undefined variable: mSeries (C:\wamp\www\InciTrack\protected\controllers\ChartController.php:936)
Stack trace:
#0 C:\wamp\www\framework\web\actions\CInlineAction.php(48): CInlineAction->runWithParamsInternal()
#1 C:\wamp\www\framework\web\CController.php(300): CInlineAction->runWithParams()
#2 C:\wamp\www\framework\web\filters\CFilterChain.php(134): ChartController->runAction()
#3 C:\wamp\www\framework\web\filters\CFilter.php(41): CFilterChain->run()
#4 C:\wamp\www\framework\web\CController.php(1144): CAccessControlFilter->filter()
#5 C:\wamp\www\framework\web\filters\CInlineFilter.php(59): ChartController->filterAccessControl()
#6 C:\wamp\www\framework\web\filters\CFilterChain.php(131): CInlineFilter->filter()
#7 C:\wamp\www\framework\web\CController.php(283): CFilterChain->run()
#8 C:\wamp\www\framework\web\CController.php(257): ChartController->runActionWithFilters()
#9 C:\wamp\www\framework\web\CWebApplication.php(277): ChartController->run()
#10 C:\wamp\www\framework\web\CWebApplication.php(136): CWebApplication->runController()
#11 C:\wamp\www\framework\base\CApplication.php(158): CWebApplication->processRequest()
#12 C:\wamp\www\InciTrack\index.php(13): CWebApplication->run()
REQUEST_URI=/index.php?r=Chart/View&id=23&json=1
in C:\wamp\www\InciTrack\protected\controllers\ChartController.php (936)
in C:\wamp\www\InciTrack\index.php (13)
2014/08/05 03:29:36 [error] [php] Undefined variable: mSeries (C:\wamp\www\InciTrack\protected\controllers\ChartController.php:936)
Stack trace:
#0 C:\wamp\www\framework\web\actions\CInlineAction.php(48): CInlineAction->runWithParamsInternal()
#1 C:\wamp\www\framework\web\CController.php(300): CInlineAction->runWithParams()
#2 C:\wamp\www\framework\web\filters\CFilterChain.php(134): ChartController->runAction()
#3 C:\wamp\www\framework\web\filters\CFilter.php(41): CFilterChain->run()
#4 C:\wamp\www\framework\web\CController.php(1144): CAccessControlFilter->filter()
#5 C:\wamp\www\framework\web\filters\CInlineFilter.php(59): ChartController->filterAccessControl()
#6 C:\wamp\www\framework\web\filters\CFilterChain.php(131): CInlineFilter->filter()
#7 C:\wamp\www\framework\web\CController.php(283): CFilterChain->run()
#8 C:\wamp\www\framework\web\CController.php(257): ChartController->runActionWithFilters()
#9 C:\wamp\www\framework\web\CWebApplication.php(277): ChartController->run()
#10 C:\wamp\www\framework\web\CWebApplication.php(136): CWebApplication->runController()
#11 C:\wamp\www\framework\base\CApplication.php(158): CWebApplication->processRequest()
#12 C:\wamp\www\InciTrack\index.php(13): CWebApplication->run()
REQUEST_URI=/index.php?r=Chart/View&id=24&json=1
in C:\wamp\www\InciTrack\protected\controllers\ChartController.php (936)
in C:\wamp\www\InciTrack\index.php (13)
2014/08/05 03:30:41 [error] [exception.CException] exception 'CException' with message 'Property "Company.branches" is not defined.' in C:\wamp\www\framework\base\CComponent.php:131
Stack trace:
#0 C:\wamp\www\framework\db\ar\CActiveRecord.php(129): CComponent->__get('branches')
#1 C:\wamp\www\InciTrack\protected\models\Company.php(98): CActiveRecord->__get('branches')
#2 C:\wamp\www\InciTrack\protected\views\company\admin.php(42): Company->search()
#3 C:\wamp\www\framework\web\CBaseController.php(119): require('C:\\wamp\\www\\Inc...')
#4 C:\wamp\www\framework\web\CBaseController.php(88): CBaseController->renderInternal('C:\\wamp\\www\\Inc...', Array, true)
#5 C:\wamp\www\framework\web\CController.php(866): CBaseController->renderFile('C:\\wamp\\www\\Inc...', Array, true)
#6 C:\wamp\www\framework\web\CController.php(779): CController->renderPartial('admin', Array, true)
#7 C:\wamp\www\InciTrack\protected\controllers\CompanyController.php(145): CController->render('admin', Array)
#8 C:\wamp\www\framework\web\actions\CInlineAction.php(50): CompanyController->actionAdmin()
#9 C:\wamp\www\framework\web\CController.php(300): CInlineAction->runWithParams(Array)
#10 C:\wamp\www\framework\web\filters\CFilterChain.php(134): CController->runAction(Object(CInlineAction))
#11 C:\wamp\www\framework\web\filters\CFilter.php(41): CFilterChain->run()
#12 C:\wamp\www\framework\web\CController.php(1144): CFilter->filter(Object(CFilterChain))
#13 C:\wamp\www\framework\web\filters\CInlineFilter.php(59): CController->filterAccessControl(Object(CFilterChain))
#14 C:\wamp\www\framework\web\filters\CFilterChain.php(131): CInlineFilter->filter(Object(CFilterChain))
#15 C:\wamp\www\framework\web\CController.php(283): CFilterChain->run()
#16 C:\wamp\www\framework\web\CController.php(257): CController->runActionWithFilters(Object(CInlineAction), Array)
#17 C:\wamp\www\framework\web\CWebApplication.php(277): CController->run('admin')
#18 C:\wamp\www\framework\web\CWebApplication.php(136): CWebApplication->runController('company/admin')
#19 C:\wamp\www\framework\base\CApplication.php(158): CWebApplication->processRequest()
#20 C:\wamp\www\InciTrack\index.php(13): CApplication->run()
#21 {main} REQUEST_URI=/index.php?r=company/admin
2014/08/05 03:34:46 [warning] [application] Failed to set unsafe attribute "css_file" of "Company".
in C:\wamp\www\InciTrack\protected\controllers\CompanyController.php (92)
in C:\wamp\www\InciTrack\index.php (13)
2014/08/05 18:21:27 [error] [exception.CHttpException.404] exception 'CHttpException' with message 'The requested page does not exist.' in C:\wamp\www\InciTrack\protected\modules\report\controllers\ReportController.php:512
Stack trace:
#0 C:\wamp\www\InciTrack\protected\modules\report\controllers\ReportController.php(356): ReportController->loadModel('')
#1 C:\wamp\www\InciTrack\protected\modules\report\controllers\ReportController.php(196): ReportController->actionVerify('', '3')
#2 [internal function]: ReportController->actionWizard('', '3', '1')
#3 C:\wamp\www\framework\web\actions\CAction.php(104): ReflectionMethod->invokeArgs(Object(ReportController), Array)
#4 C:\wamp\www\framework\web\actions\CInlineAction.php(48): CAction->runWithParamsInternal(Object(ReportController), Object(ReflectionMethod), Array)
#5 C:\wamp\www\framework\web\CController.php(300): CInlineAction->runWithParams(Array)
#6 C:\wamp\www\framework\web\filters\CFilterChain.php(134): CController->runAction(Object(CInlineAction))
#7 C:\wamp\www\framework\web\filters\CFilter.php(41): CFilterChain->run()
#8 C:\wamp\www\framework\web\CController.php(1144): CFilter->filter(Object(CFilterChain))
#9 C:\wamp\www\framework\web\filters\CInlineFilter.php(59): CController->filterAccessControl(Object(CFilterChain))
#10 C:\wamp\www\framework\web\filters\CFilterChain.php(131): CInlineFilter->filter(Object(CFilterChain))
#11 C:\wamp\www\framework\web\CController.php(283): CFilterChain->run()
#12 C:\wamp\www\framework\web\CController.php(257): CController->runActionWithFilters(Object(CInlineAction), Array)
#13 C:\wamp\www\framework\web\CWebApplication.php(277): CController->run('wizard')
#14 C:\wamp\www\framework\web\CWebApplication.php(136): CWebApplication->runController('report/report/w...')
#15 C:\wamp\www\framework\base\CApplication.php(158): CWebApplication->processRequest()
#16 C:\wamp\www\InciTrack\index.php(13): CApplication->run()
#17 {main} REQUEST_URI=/index.php?r=report/report/wizard&id=&nextPageId=3&currentId=1
2014/08/06 18:43:10 [error] [exception.CHttpException.404] exception 'CHttpException' with message 'The system is unable to find the requested action "FAQ'"".' in C:\wamp\www\framework\web\CController.php:477
Stack trace:
#0 C:\wamp\www\framework\web\CController.php(262): CController->missingAction('FAQ'"')
#1 C:\wamp\www\framework\web\CWebApplication.php(277): CController->run('FAQ'"')
#2 C:\wamp\www\framework\web\CWebApplication.php(136): CWebApplication->runController('site/FAQ'"')
#3 C:\wamp\www\framework\base\CApplication.php(158): CWebApplication->processRequest()
#4 C:\wamp\www\InciTrack\index.php(13): CApplication->run()
#5 {main} REQUEST_URI=/index.php?r=site/FAQ'"
2014/08/07 23:28:05 [error] [exception.CHttpException.404] exception 'CHttpException' with message 'The system is unable to find the requested action "FAQ".' in C:\wamp\www\framework\web\CController.php:477
Stack trace:
#0 C:\wamp\www\framework\web\CController.php(262): CController->missingAction('FAQ')
#1 C:\wamp\www\framework\web\CWebApplication.php(277): CController->run('FAQ')
#2 C:\wamp\www\framework\web\CWebApplication.php(136): CWebApplication->runController('site/FAQ')
#3 C:\wamp\www\framework\base\CApplication.php(158): CWebApplication->processRequest()
#4 C:\wamp\www\InciTrack\index.php(13): CApplication->run()
#5 {main} REQUEST_URI=/index.php?r=site/FAQ
2014/08/08 05:34:15 [error] [exception.CHttpException.404] exception 'CHttpException' with message 'The system is unable to find the requested action "FAQ".' in C:\wamp\www\framework\web\CController.php:477
Stack trace:
#0 C:\wamp\www\framework\web\CController.php(262): CController->missingAction('FAQ')
#1 C:\wamp\www\framework\web\CWebApplication.php(277): CController->run('FAQ')
#2 C:\wamp\www\framework\web\CWebApplication.php(136): CWebApplication->runController('site/FAQ')
#3 C:\wamp\www\framework\base\CApplication.php(158): CWebApplication->processRequest()
#4 C:\wamp\www\InciTrack\index.php(13): CApplication->run()
#5 {main} REQUEST_URI=/index.php?r=site/FAQ
2014/08/16 01:12:16 [error] [exception.CHttpException.404] exception 'CHttpException' with message 'The system is unable to find the requested action "FAQ".' in C:\wamp\www\framework\web\CController.php:477
Stack trace:
#0 C:\wamp\www\framework\web\CController.php(262): CController->missingAction('FAQ')
#1 C:\wamp\www\framework\web\CWebApplication.php(277): CController->run('FAQ')
#2 C:\wamp\www\framework\web\CWebApplication.php(136): CWebApplication->runController('site/FAQ')
#3 C:\wamp\www\framework\base\CApplication.php(158): CWebApplication->processRequest()
#4 C:\wamp\www\InciTrack\index.php(13): CApplication->run()
#5 {main} REQUEST_URI=/index.php?r=site/FAQ
2014/08/17 03:39:28 [error] [exception.CHttpException.404] exception 'CHttpException' with message 'The system is unable to find the requested action "FAQ".' in C:\wamp\www\framework\web\CController.php:477
Stack trace:
#0 C:\wamp\www\framework\web\CController.php(262): CController->missingAction('FAQ')
#1 C:\wamp\www\framework\web\CWebApplication.php(277): CController->run('FAQ')
#2 C:\wamp\www\framework\web\CWebApplication.php(136): CWebApplication->runController('site/FAQ')
#3 C:\wamp\www\framework\base\CApplication.php(158): CWebApplication->processRequest()
#4 C:\wamp\www\InciTrack\index.php(13): CApplication->run()
#5 {main} REQUEST_URI=/index.php?r=site/FAQ
2014/08/17 04:03:27 [error] [exception.CHttpException.404] exception 'CHttpException' with message 'The system is unable to find the requested action "FAQ".' in C:\wamp\www\framework\web\CController.php:477
Stack trace:
#0 C:\wamp\www\framework\web\CController.php(262): CController->missingAction('FAQ')
#1 C:\wamp\www\framework\web\CWebApplication.php(277): CController->run('FAQ')
#2 C:\wamp\www\framework\web\CWebApplication.php(136): CWebApplication->runController('site/FAQ')
#3 C:\wamp\www\framework\base\CApplication.php(158): CWebApplication->processRequest()
#4 C:\wamp\www\InciTrack\index.php(13): CApplication->run()
#5 {main} REQUEST_URI=/index.php?r=site/FAQ
2014/09/01 14:02:28 [error] [php] include(ContactForm.php): failed to open stream: No such file or directory (C:\wamp\www\framework\YiiBase.php:421)
Stack trace:
#0 C:\wamp\www\InciTrack\protected\controllers\SiteController.php(177): spl_autoload_call()
#1 C:\wamp\www\framework\web\actions\CInlineAction.php(50): SiteController->actionContact()
#2 C:\wamp\www\framework\web\CController.php(300): CInlineAction->runWithParams()
#3 C:\wamp\www\framework\web\CController.php(278): SiteController->runAction()
#4 C:\wamp\www\framework\web\CController.php(257): SiteController->runActionWithFilters()
#5 C:\wamp\www\framework\web\CWebApplication.php(277): SiteController->run()
#6 C:\wamp\www\framework\web\CWebApplication.php(136): CWebApplication->runController()
#7 C:\wamp\www\framework\base\CApplication.php(158): CWebApplication->processRequest()
#8 C:\wamp\www\InciTrack\index.php(13): CWebApplication->run()
REQUEST_URI=/index.php?r=site/Contact
in C:\wamp\www\InciTrack\protected\controllers\SiteController.php (177)
in C:\wamp\www\InciTrack\index.php (13)
2014/09/01 20:53:44 [error] [php] include(ContactForm.php): failed to open stream: No such file or directory (C:\wamp\www\framework\YiiBase.php:421)
Stack trace:
#0 C:\wamp\www\InciTrack\protected\controllers\SiteController.php(177): spl_autoload_call()
#1 C:\wamp\www\framework\web\actions\CInlineAction.php(50): SiteController->actionContact()
#2 C:\wamp\www\framework\web\CController.php(300): CInlineAction->runWithParams()
#3 C:\wamp\www\framework\web\CController.php(278): SiteController->runAction()
#4 C:\wamp\www\framework\web\CController.php(257): SiteController->runActionWithFilters()
#5 C:\wamp\www\framework\web\CWebApplication.php(277): SiteController->run()
#6 C:\wamp\www\framework\web\CWebApplication.php(136): CWebApplication->runController()
#7 C:\wamp\www\framework\base\CApplication.php(158): CWebApplication->processRequest()
#8 C:\wamp\www\InciTrack\index.php(13): CWebApplication->run()
REQUEST_URI=/index.php?r=site/Contact
in C:\wamp\www\InciTrack\protected\controllers\SiteController.php (177)
in C:\wamp\www\InciTrack\index.php (13)
2014/09/02 07:08:41 [error] [php] include(ContactForm.php): failed to open stream: No such file or directory (C:\wamp\www\framework\YiiBase.php:421)
Stack trace:
#0 C:\wamp\www\InciTrack\protected\controllers\SiteController.php(177): spl_autoload_call()
#1 C:\wamp\www\framework\web\actions\CInlineAction.php(50): SiteController->actionContact()
#2 C:\wamp\www\framework\web\CController.php(300): CInlineAction->runWithParams()
#3 C:\wamp\www\framework\web\CController.php(278): SiteController->runAction()
#4 C:\wamp\www\framework\web\CController.php(257): SiteController->runActionWithFilters()
#5 C:\wamp\www\framework\web\CWebApplication.php(277): SiteController->run()
#6 C:\wamp\www\framework\web\CWebApplication.php(136): CWebApplication->runController()
#7 C:\wamp\www\framework\base\CApplication.php(158): CWebApplication->processRequest()
#8 C:\wamp\www\InciTrack\index.php(13): CWebApplication->run()
REQUEST_URI=/index.php?r=site/Contact
in C:\wamp\www\InciTrack\protected\controllers\SiteController.php (177)
in C:\wamp\www\InciTrack\index.php (13)
2014/09/02 07:13:40 [error] [php] include(ContactForm.php): failed to open stream: No such file or directory (C:\wamp\www\framework\YiiBase.php:421)
Stack trace:
#0 C:\wamp\www\InciTrack\protected\controllers\SiteController.php(177): spl_autoload_call()
#1 C:\wamp\www\framework\web\actions\CInlineAction.php(50): SiteController->actionContact()
#2 C:\wamp\www\framework\web\CController.php(300): CInlineAction->runWithParams()
#3 C:\wamp\www\framework\web\CController.php(278): SiteController->runAction()
#4 C:\wamp\www\framework\web\CController.php(257): SiteController->runActionWithFilters()
#5 C:\wamp\www\framework\web\CWebApplication.php(277): SiteController->run()
#6 C:\wamp\www\framework\web\CWebApplication.php(136): CWebApplication->runController()
#7 C:\wamp\www\framework\base\CApplication.php(158): CWebApplication->processRequest()
#8 C:\wamp\www\InciTrack\index.php(13): CWebApplication->run()
REQUEST_URI=/index.php?r=site/Contact
in C:\wamp\www\InciTrack\protected\controllers\SiteController.php (177)
in C:\wamp\www\InciTrack\index.php (13)
2014/09/02 13:34:57 [error] [php] include(ContactForm.php): failed to open stream: No such file or directory (C:\wamp\www\framework\YiiBase.php:421)
Stack trace:
#0 C:\wamp\www\InciTrack\protected\controllers\SiteController.php(177): spl_autoload_call()
#1 C:\wamp\www\framework\web\actions\CInlineAction.php(50): SiteController->actionContact()
#2 C:\wamp\www\framework\web\CController.php(300): CInlineAction->runWithParams()
#3 C:\wamp\www\framework\web\CController.php(278): SiteController->runAction()
#4 C:\wamp\www\framework\web\CController.php(257): SiteController->runActionWithFilters()
#5 C:\wamp\www\framework\web\CWebApplication.php(277): SiteController->run()
#6 C:\wamp\www\framework\web\CWebApplication.php(136): CWebApplication->runController()
#7 C:\wamp\www\framework\base\CApplication.php(158): CWebApplication->processRequest()
#8 C:\wamp\www\InciTrack\index.php(13): CWebApplication->run()
REQUEST_URI=/index.php?r=site/Contact
in C:\wamp\www\InciTrack\protected\controllers\SiteController.php (177)
in C:\wamp\www\InciTrack\index.php (13)
2014/09/03 01:57:08 [error] [exception.CHttpException.404] exception 'CHttpException' with message 'The system is unable to find the requested action "FAQ".' in C:\wamp\www\framework\web\CController.php:477
Stack trace:
#0 C:\wamp\www\framework\web\CController.php(262): CController->missingAction('FAQ')
#1 C:\wamp\www\framework\web\CWebApplication.php(277): CController->run('FAQ')
#2 C:\wamp\www\framework\web\CWebApplication.php(136): CWebApplication->runController('site/FAQ')
#3 C:\wamp\www\framework\base\CApplication.php(158): CWebApplication->processRequest()
#4 C:\wamp\www\InciTrack\index.php(13): CApplication->run()
#5 {main} REQUEST_URI=/index.php?r=site/FAQ
2014/09/03 04:07:35 [error] [exception.CHttpException.400] exception 'CHttpException' with message 'Your request is invalid.' in C:\wamp\www\framework\web\CController.php:328
Stack trace:
#0 C:\wamp\www\framework\web\CController.php(301): CController->invalidActionParams(Object(CInlineAction))
#1 C:\wamp\www\framework\web\filters\CFilterChain.php(134): CController->runAction(Object(CInlineAction))
#2 C:\wamp\www\framework\web\filters\CFilter.php(41): CFilterChain->run()
#3 C:\wamp\www\framework\web\CController.php(1144): CFilter->filter(Object(CFilterChain))
#4 C:\wamp\www\framework\web\filters\CInlineFilter.php(59): CController->filterAccessControl(Object(CFilterChain))
#5 C:\wamp\www\framework\web\filters\CFilterChain.php(131): CInlineFilter->filter(Object(CFilterChain))
#6 C:\wamp\www\framework\web\CController.php(283): CFilterChain->run()
#7 C:\wamp\www\framework\web\CController.php(257): CController->runActionWithFilters(Object(CInlineAction), Array)
#8 C:\wamp\www\framework\web\CWebApplication.php(277): CController->run('view')
#9 C:\wamp\www\framework\web\CWebApplication.php(136): CWebApplication->runController('category/view')
#10 C:\wamp\www\framework\base\CApplication.php(158): CWebApplication->processRequest()
#11 C:\wamp\www\InciTrack\index.php(13): CApplication->run()
#12 {main} REQUEST_URI=/index.php?r=category/view&amp;id=7
2014/09/03 04:07:35 [error] [exception.CHttpException.404] exception 'CHttpException' with message 'The system is unable to find the requested action "FAQ".' in C:\wamp\www\framework\web\CController.php:477
Stack trace:
#0 C:\wamp\www\framework\web\CController.php(262): CController->missingAction('FAQ')
#1 C:\wamp\www\framework\web\CWebApplication.php(277): CController->run('FAQ')
#2 C:\wamp\www\framework\web\CWebApplication.php(136): CWebApplication->runController('site/FAQ')
#3 C:\wamp\www\framework\base\CApplication.php(158): CWebApplication->processRequest()
#4 C:\wamp\www\InciTrack\index.php(13): CApplication->run()
#5 {main} REQUEST_URI=/index.php?r=site/FAQ
2014/09/03 04:07:35 [error] [php] include(ContactForm.php): failed to open stream: No such file or directory (C:\wamp\www\framework\YiiBase.php:421)
Stack trace:
#0 C:\wamp\www\InciTrack\protected\controllers\SiteController.php(177): spl_autoload_call()
#1 C:\wamp\www\framework\web\actions\CInlineAction.php(50): SiteController->actionContact()
#2 C:\wamp\www\framework\web\CController.php(300): CInlineAction->runWithParams()
#3 C:\wamp\www\framework\web\CController.php(278): SiteController->runAction()
#4 C:\wamp\www\framework\web\CController.php(257): SiteController->runActionWithFilters()
#5 C:\wamp\www\framework\web\CWebApplication.php(277): SiteController->run()
#6 C:\wamp\www\framework\web\CWebApplication.php(136): CWebApplication->runController()
#7 C:\wamp\www\framework\base\CApplication.php(158): CWebApplication->processRequest()
#8 C:\wamp\www\InciTrack\index.php(13): CWebApplication->run()
REQUEST_URI=/index.php?r=site/Contact
in C:\wamp\www\InciTrack\protected\controllers\SiteController.php (177)
in C:\wamp\www\InciTrack\index.php (13)
